This file contains any messages produced by compilers while
running configure, to aid debugging if configure makes a mistake.

It was created by configure, which was
generated by GNU Autoconf 2.61.  Invocation command line was

  $ ./configure 

## --------- ##
## Platform. ##
## --------- ##

hostname = pc
uname -m = x86_64
uname -r = 3.18.9-hardened
uname -s = Linux
uname -v = #2 SMP Sat Aug 1 22:23:48 CST 2015

/usr/bin/uname -p = Intel(R) Pentium(R) CPU G645 @ 2.90GHz
/bin/uname -X     = unknown

/bin/arch              = unknown
/usr/bin/arch -k       = unknown
/usr/convex/getsysinfo = unknown
/usr/bin/hostinfo      = unknown
/bin/machine           = unknown
/usr/bin/oslevel       = unknown
/bin/universe          = unknown

PATH: /usr/local/bin
PATH: /usr/bin
PATH: /bin
PATH: /opt/bin
PATH: /usr/x86_64-pc-linux-gnu/gcc-bin/4.8.4


## ----------- ##
## Core tests. ##
## ----------- ##

configure:1767: checking for a BSD-compatible install
configure:1823: result: /usr/bin/install -c
configure:1834: checking whether build environment is sane
configure:1877: result: yes
configure:1942: checking for gawk
configure:1958: found /usr/bin/gawk
configure:1969: result: gawk
configure:1980: checking whether make sets $(MAKE)
configure:2001: result: yes
configure:2244: checking for gcc
configure:2260: found /usr/bin/gcc
configure:2271: result: gcc
configure:2509: checking for C compiler version
configure:2516: gcc --version >&5
gcc (Gentoo Hardened 4.8.4 p1.6, pie-0.6.1) 4.8.4
Copyright (C) 2013 Free Software Foundation, Inc.
This is free software; see the source for copying conditions.  There is NO
warranty; not even for MERCHANTABILITY or FITNESS FOR A PARTICULAR PURPOSE.

configure:2519: $? = 0
configure:2526: gcc -v >&5
Using built-in specs.
COLLECT_GCC=/usr/x86_64-pc-linux-gnu/gcc-bin/4.8.4/gcc
COLLECT_LTO_WRAPPER=/usr/libexec/gcc/x86_64-pc-linux-gnu/4.8.4/lto-wrapper
Target: x86_64-pc-linux-gnu
Configured with: /var/tmp/portage/sys-devel/gcc-4.8.4/work/gcc-4.8.4/configure --host=x86_64-pc-linux-gnu --build=x86_64-pc-linux-gnu --prefix=/usr --bindir=/usr/x86_64-pc-linux-gnu/gcc-bin/4.8.4 --includedir=/usr/lib/gcc/x86_64-pc-linux-gnu/4.8.4/include --datadir=/usr/share/gcc-data/x86_64-pc-linux-gnu/4.8.4 --mandir=/usr/share/gcc-data/x86_64-pc-linux-gnu/4.8.4/man --infodir=/usr/share/gcc-data/x86_64-pc-linux-gnu/4.8.4/info --with-gxx-include-dir=/usr/lib/gcc/x86_64-pc-linux-gnu/4.8.4/include/g++-v4 --with-python-dir=/share/gcc-data/x86_64-pc-linux-gnu/4.8.4/python --enable-languages=c,c++ --enable-obsolete --enable-secureplt --disable-werror --with-system-zlib --enable-nls --without-included-gettext --enable-checking=release --with-bugurl=https://bugs.gentoo.org/ --with-pkgversion='Gentoo Hardened 4.8.4 p1.6, pie-0.6.1' --enable-esp --enable-libstdcxx-time --enable-shared --enable-threads=posix --enable-__cxa_atexit --enable-clocale=gnu --enable-multilib --with-multilib-list=m32,m64 --disable-altivec --disable-fixed-point --enable-targets=all --disable-libgcj --enable-libgomp --disable-libmudflap --disable-libssp --disable-libquadmath --enable-lto --without-cloog --disable-libsanitizer
Thread model: posix
gcc version 4.8.4 (Gentoo Hardened 4.8.4 p1.6, pie-0.6.1) 
configure:2529: $? = 0
configure:2536: gcc -V >&5
gcc: error: unrecognized command line option '-V'
gcc: fatal error: no input files
compilation terminated.
configure:2539: $? = 1
configure:2562: checking for C compiler default output file name
configure:2589: gcc    conftest.c  >&5
configure:2592: $? = 0
configure:2630: result: a.out
configure:2647: checking whether the C compiler works
configure:2657: ./a.out
configure:2660: $? = 0
configure:2677: result: yes
configure:2684: checking whether we are cross compiling
configure:2686: result: no
configure:2689: checking for suffix of executables
configure:2696: gcc -o conftest    conftest.c  >&5
configure:2699: $? = 0
configure:2723: result: 
configure:2729: checking for suffix of object files
configure:2755: gcc -c   conftest.c >&5
configure:2758: $? = 0
configure:2781: result: o
configure:2785: checking whether we are using the GNU C compiler
configure:2814: gcc -c   conftest.c >&5
configure:2820: $? = 0
configure:2837: result: yes
configure:2842: checking whether gcc accepts -g
configure:2872: gcc -c -g  conftest.c >&5
configure:2878: $? = 0
configure:2977: result: yes
configure:2994: checking for gcc option to accept ISO C89
configure:3068: gcc  -c -g -O2  conftest.c >&5
configure:3074: $? = 0
configure:3097: result: none needed
configure:3126: checking for style of include used by make
configure:3154: result: GNU
configure:3182: checking dependency style of gcc
configure:3272: result: gcc3
configure:3302: checking for a BSD-compatible install
configure:3358: result: /usr/bin/install -c
configure:3380: checking for dirent.h that defines DIR
configure:3409: gcc -c -g -O2  conftest.c >&5
configure:3415: $? = 0
configure:3431: result: yes
configure:3444: checking for library containing opendir
configure:3485: gcc -o conftest -g -O2   conftest.c  >&5
configure:3491: $? = 0
configure:3519: result: none required
configure:3618: checking how to run the C preprocessor
configure:3658: gcc -E  conftest.c
configure:3664: $? = 0
configure:3695: gcc -E  conftest.c
conftest.c:12:28: fatal error: ac_nonexistent.h: No such file or directory
 #include <ac_nonexistent.h>
                            ^
compilation terminated.
configure:3701: $? = 1
configure: failed program was:
| /* confdefs.h.  */
| #define PACKAGE_NAME ""
| #define PACKAGE_TARNAME ""
| #define PACKAGE_VERSION ""
| #define PACKAGE_STRING ""
| #define PACKAGE_BUGREPORT ""
| #define PACKAGE "genext2fs"
| #define VERSION "1.4.1"
| #define _GNU_SOURCE 1
| #define HAVE_DIRENT_H 1
| /* end confdefs.h.  */
| #include <ac_nonexistent.h>
configure:3734: result: gcc -E
configure:3763: gcc -E  conftest.c
configure:3769: $? = 0
configure:3800: gcc -E  conftest.c
conftest.c:12:28: fatal error: ac_nonexistent.h: No such file or directory
 #include <ac_nonexistent.h>
                            ^
compilation terminated.
configure:3806: $? = 1
configure: failed program was:
| /* confdefs.h.  */
| #define PACKAGE_NAME ""
| #define PACKAGE_TARNAME ""
| #define PACKAGE_VERSION ""
| #define PACKAGE_STRING ""
| #define PACKAGE_BUGREPORT ""
| #define PACKAGE "genext2fs"
| #define VERSION "1.4.1"
| #define _GNU_SOURCE 1
| #define HAVE_DIRENT_H 1
| /* end confdefs.h.  */
| #include <ac_nonexistent.h>
configure:3844: checking for grep that handles long lines and -e
configure:3918: result: /bin/grep
configure:3923: checking for egrep
configure:4001: result: /bin/grep -E
configure:4006: checking for ANSI C header files
configure:4036: gcc -c -g -O2  conftest.c >&5
configure:4042: $? = 0
configure:4141: gcc -o conftest -g -O2   conftest.c  >&5
configure:4144: $? = 0
configure:4150: ./conftest
configure:4153: $? = 0
configure:4170: result: yes
configure:4194: checking for sys/types.h
configure:4215: gcc -c -g -O2  conftest.c >&5
configure:4221: $? = 0
configure:4237: result: yes
configure:4194: checking for sys/stat.h
configure:4215: gcc -c -g -O2  conftest.c >&5
configure:4221: $? = 0
configure:4237: result: yes
configure:4194: checking for stdlib.h
configure:4215: gcc -c -g -O2  conftest.c >&5
configure:4221: $? = 0
configure:4237: result: yes
configure:4194: checking for string.h
configure:4215: gcc -c -g -O2  conftest.c >&5
configure:4221: $? = 0
configure:4237: result: yes
configure:4194: checking for memory.h
configure:4215: gcc -c -g -O2  conftest.c >&5
configure:4221: $? = 0
configure:4237: result: yes
configure:4194: checking for strings.h
configure:4215: gcc -c -g -O2  conftest.c >&5
configure:4221: $? = 0
configure:4237: result: yes
configure:4194: checking for inttypes.h
configure:4215: gcc -c -g -O2  conftest.c >&5
configure:4221: $? = 0
configure:4237: result: yes
configure:4194: checking for stdint.h
configure:4215: gcc -c -g -O2  conftest.c >&5
configure:4221: $? = 0
configure:4237: result: yes
configure:4194: checking for unistd.h
configure:4215: gcc -c -g -O2  conftest.c >&5
configure:4221: $? = 0
configure:4237: result: yes
configure:4249: checking whether sys/types.h defines makedev
configure:4275: gcc -o conftest -g -O2   conftest.c  >&5
configure:4281: $? = 0
configure:4299: result: yes
configure:4600: checking fcntl.h usability
configure:4617: gcc -c -g -O2  conftest.c >&5
configure:4623: $? = 0
configure:4637: result: yes
configure:4641: checking fcntl.h presence
configure:4656: gcc -E  conftest.c
configure:4662: $? = 0
configure:4676: result: yes
configure:4704: checking for fcntl.h
configure:4712: result: yes
configure:4590: checking for inttypes.h
configure:4596: result: yes
configure:4600: checking limits.h usability
configure:4617: gcc -c -g -O2  conftest.c >&5
configure:4623: $? = 0
configure:4637: result: yes
configure:4641: checking limits.h presence
configure:4656: gcc -E  conftest.c
configure:4662: $? = 0
configure:4676: result: yes
configure:4704: checking for limits.h
configure:4712: result: yes
configure:4590: checking for memory.h
configure:4596: result: yes
configure:4600: checking stddef.h usability
configure:4617: gcc -c -g -O2  conftest.c >&5
configure:4623: $? = 0
configure:4637: result: yes
configure:4641: checking stddef.h presence
configure:4656: gcc -E  conftest.c
configure:4662: $? = 0
configure:4676: result: yes
configure:4704: checking for stddef.h
configure:4712: result: yes
configure:4590: checking for stdint.h
configure:4596: result: yes
configure:4590: checking for stdlib.h
configure:4596: result: yes
configure:4590: checking for string.h
configure:4596: result: yes
configure:4590: checking for strings.h
configure:4596: result: yes
configure:4590: checking for unistd.h
configure:4596: result: yes
configure:4741: checking libgen.h usability
configure:4758: gcc -c -g -O2  conftest.c >&5
configure:4764: $? = 0
configure:4778: result: yes
configure:4782: checking libgen.h presence
configure:4797: gcc -E  conftest.c
configure:4803: $? = 0
configure:4817: result: yes
configure:4845: checking for libgen.h
configure:4853: result: yes
configure:4741: checking getopt.h usability
configure:4758: gcc -c -g -O2  conftest.c >&5
configure:4764: $? = 0
configure:4778: result: yes
configure:4782: checking getopt.h presence
configure:4797: gcc -E  conftest.c
configure:4803: $? = 0
configure:4817: result: yes
configure:4845: checking for getopt.h
configure:4853: result: yes
configure:4868: checking for an ANSI C-conforming const
configure:4943: gcc -c -g -O2  conftest.c >&5
configure:4949: $? = 0
configure:4964: result: yes
configure:4974: checking for uid_t in sys/types.h
configure:4997: result: yes
configure:5012: checking for inline
configure:5038: gcc -c -g -O2  conftest.c >&5
configure:5044: $? = 0
configure:5062: result: inline
configure:5081: checking for size_t
configure:5111: gcc -c -g -O2  conftest.c >&5
configure:5117: $? = 0
configure:5132: result: yes
configure:5144: checking for ssize_t
configure:5174: gcc -c -g -O2  conftest.c >&5
configure:5180: $? = 0
configure:5195: result: yes
configure:5207: checking for struct stat.st_rdev
configure:5235: gcc -c -g -O2  conftest.c >&5
configure:5241: $? = 0
configure:5298: result: yes
configure:5317: checking for getopt_long
configure:5373: gcc -o conftest -g -O2   conftest.c  >&5
configure:5379: $? = 0
configure:5397: result: yes
configure:5317: checking for getline
configure:5373: gcc -o conftest -g -O2   conftest.c  >&5
configure:5379: $? = 0
configure:5397: result: yes
configure:5317: checking for strtof
configure:5373: gcc -o conftest -g -O2   conftest.c  >&5
configure:5379: $? = 0
configure:5397: result: yes
configure:5412: checking for snprintf
configure:5468: gcc -o conftest -g -O2   conftest.c  >&5
conftest.c:61:6: warning: conflicting types for built-in function 'snprintf' [enabled by default]
 char snprintf ();
      ^
configure:5474: $? = 0
configure:5492: result: yes
configure:5412: checking for vsnprintf
configure:5468: gcc -o conftest -g -O2   conftest.c  >&5
conftest.c:62:6: warning: conflicting types for built-in function 'vsnprintf' [enabled by default]
 char vsnprintf ();
      ^
configure:5474: $? = 0
configure:5492: result: yes
configure:5502: checking for working snprintf
configure:5538: gcc -o conftest -g -O2   conftest.c  >&5
conftest.c: In function 'main':
conftest.c:48:29: warning: incompatible implicit declaration of built-in function 'exit' [enabled by default]
     if (strcmp (bufs, "1")) exit (1);
                             ^
configure:5541: $? = 0
configure:5547: ./conftest
configure:5550: $? = 0
configure:5567: result: yes
configure:5569: checking for working vsnprintf
configure:5616: gcc -o conftest -g -O2   conftest.c  >&5
conftest.c: In function 'main':
conftest.c:59:29: warning: incompatible implicit declaration of built-in function 'exit' [enabled by default]
     if (strcmp (bufs, "1")) exit (1);
                             ^
configure:5619: $? = 0
configure:5625: ./conftest
configure:5628: $? = 0
configure:5645: result: yes
configure:5667: checking for stdlib.h
configure:5673: result: yes
configure:5802: checking whether scanf can malloc
configure:5861: gcc -o conftest -g -O2   conftest.c  >&5
conftest.c: In function 'main':
conftest.c:55:3: warning: format '%as' expects argument of type 'char **', but argument 3 has type 'union <anonymous> *' [-Wformat=]
   int matched = sscanf(scan_this, "%as", &u);
   ^
configure:5864: $? = 0
configure:5870: ./conftest
configure:5873: $? = 0
configure:5890: result: yes
configure:6019: creating ./config.status

## ---------------------- ##
## Running config.status. ##
## ---------------------- ##

This file was extended by config.status, which was
generated by GNU Autoconf 2.61.  Invocation command line was

  CONFIG_FILES    = 
  CONFIG_HEADERS  = 
  CONFIG_LINKS    = 
  CONFIG_COMMANDS = 
  $ ./config.status 

on pc

config.status:634: creating Makefile
config.status:634: creating config.h
config.status:922: executing depfiles commands
config.status:922: executing default commands

## ---------------- ##
## Cache variables. ##
## ---------------- ##

ac_cv_c_compiler_gnu=yes
ac_cv_c_const=yes
ac_cv_c_inline=inline
ac_cv_env_CC_set=
ac_cv_env_CC_value=
ac_cv_env_CFLAGS_set=
ac_cv_env_CFLAGS_value=
ac_cv_env_CPPFLAGS_set=
ac_cv_env_CPPFLAGS_value=
ac_cv_env_CPP_set=
ac_cv_env_CPP_value=
ac_cv_env_LDFLAGS_set=
ac_cv_env_LDFLAGS_value=
ac_cv_env_LIBS_set=
ac_cv_env_LIBS_value=
ac_cv_env_build_alias_set=
ac_cv_env_build_alias_value=
ac_cv_env_host_alias_set=
ac_cv_env_host_alias_value=
ac_cv_env_target_alias_set=
ac_cv_env_target_alias_value=
ac_cv_func_getline=yes
ac_cv_func_getopt_long=yes
ac_cv_func_snprintf=yes
ac_cv_func_strtof=yes
ac_cv_func_vsnprintf=yes
ac_cv_have_working_snprintf=yes
ac_cv_have_working_vsnprintf=yes
ac_cv_header_dirent_dirent_h=yes
ac_cv_header_fcntl_h=yes
ac_cv_header_getopt_h=yes
ac_cv_header_inttypes_h=yes
ac_cv_header_libgen_h=yes
ac_cv_header_limits_h=yes
ac_cv_header_memory_h=yes
ac_cv_header_stdc=yes
ac_cv_header_stddef_h=yes
ac_cv_header_stdint_h=yes
ac_cv_header_stdlib_h=yes
ac_cv_header_string_h=yes
ac_cv_header_strings_h=yes
ac_cv_header_sys_stat_h=yes
ac_cv_header_sys_types_h=yes
ac_cv_header_sys_types_h_makedev=yes
ac_cv_header_unistd_h=yes
ac_cv_member_struct_stat_st_rdev=yes
ac_cv_objext=o
ac_cv_path_EGREP='/bin/grep -E'
ac_cv_path_GREP=/bin/grep
ac_cv_path_install='/usr/bin/install -c'
ac_cv_prog_AWK=gawk
ac_cv_prog_CPP='gcc -E'
ac_cv_prog_ac_ct_CC=gcc
ac_cv_prog_cc_c89=
ac_cv_prog_cc_g=yes
ac_cv_prog_make_make_set=yes
ac_cv_search_opendir='none required'
ac_cv_type_size_t=yes
ac_cv_type_ssize_t=yes
ac_cv_type_uid_t=yes
am_cv_CC_dependencies_compiler_type=gcc3

## ----------------- ##
## Output variables. ##
## ----------------- ##

ACLOCAL='${SHELL} /home/wxh/source_succeed/genext2fs-1.4.1/missing --run aclocal-1.9'
AMDEPBACKSLASH='\'
AMDEP_FALSE='#'
AMDEP_TRUE=''
AMTAR='${SHELL} /home/wxh/source_succeed/genext2fs-1.4.1/missing --run tar'
AUTOCONF='${SHELL} /home/wxh/source_succeed/genext2fs-1.4.1/missing --run autoconf'
AUTOHEADER='${SHELL} /home/wxh/source_succeed/genext2fs-1.4.1/missing --run autoheader'
AUTOMAKE='${SHELL} /home/wxh/source_succeed/genext2fs-1.4.1/missing --run automake-1.9'
AWK='gawk'
CC='gcc'
CCDEPMODE='depmode=gcc3'
CFLAGS='-g -O2'
CPP='gcc -E'
CPPFLAGS=''
CYGPATH_W='echo'
DEFS='-DHAVE_CONFIG_H'
DEPDIR='.deps'
ECHO_C=''
ECHO_N='-n'
ECHO_T=''
EGREP='/bin/grep -E'
EXEEXT=''
GREP='/bin/grep'
INSTALL_DATA='${INSTALL} -m 644'
INSTALL_PROGRAM='${INSTALL}'
INSTALL_SCRIPT='${INSTALL}'
INSTALL_STRIP_PROGRAM='${SHELL} $(install_sh) -c -s'
LDFLAGS=''
LIBOBJS=''
LIBS=''
LTLIBOBJS=''
MAKEINFO='${SHELL} /home/wxh/source_succeed/genext2fs-1.4.1/missing --run makeinfo'
OBJEXT='o'
PACKAGE='genext2fs'
PACKAGE_BUGREPORT=''
PACKAGE_NAME=''
PACKAGE_STRING=''
PACKAGE_TARNAME=''
PACKAGE_VERSION=''
PATH_SEPARATOR=':'
SET_MAKE=''
SHELL='/bin/sh'
STRIP=''
VERSION='1.4.1'
ac_ct_CC='gcc'
am__fastdepCC_FALSE='#'
am__fastdepCC_TRUE=''
am__include='include'
am__leading_dot='.'
am__quote=''
am__tar='${AMTAR} chof - "$$tardir"'
am__untar='${AMTAR} xf -'
bindir='${exec_prefix}/bin'
build_alias=''
datadir='${datarootdir}'
datarootdir='${prefix}/share'
docdir='${datarootdir}/doc/${PACKAGE}'
dvidir='${docdir}'
exec_prefix='${prefix}'
host_alias=''
htmldir='${docdir}'
includedir='${prefix}/include'
infodir='${datarootdir}/info'
install_sh='/home/wxh/source_succeed/genext2fs-1.4.1/install-sh'
libdir='${exec_prefix}/lib'
libexecdir='${exec_prefix}/libexec'
localedir='${datarootdir}/locale'
localstatedir='${prefix}/var'
mandir='${datarootdir}/man'
mkdir_p='mkdir -p --'
oldincludedir='/usr/include'
pdfdir='${docdir}'
prefix='/usr/local'
program_transform_name='s,x,x,'
psdir='${docdir}'
sbindir='${exec_prefix}/sbin'
sharedstatedir='${prefix}/com'
sysconfdir='${prefix}/etc'
target_alias=''

## ----------- ##
## confdefs.h. ##
## ----------- ##

#define PACKAGE_NAME ""
#define PACKAGE_TARNAME ""
#define PACKAGE_VERSION ""
#define PACKAGE_STRING ""
#define PACKAGE_BUGREPORT ""
#define PACKAGE "genext2fs"
#define VERSION "1.4.1"
#define _GNU_SOURCE 1
#define HAVE_DIRENT_H 1
#define STDC_HEADERS 1
#define HAVE_SYS_TYPES_H 1
#define HAVE_SYS_STAT_H 1
#define HAVE_STDLIB_H 1
#define HAVE_STRING_H 1
#define HAVE_MEMORY_H 1
#define HAVE_STRINGS_H 1
#define HAVE_INTTYPES_H 1
#define HAVE_STDINT_H 1
#define HAVE_UNISTD_H 1
#define HAVE_FCNTL_H 1
#define HAVE_INTTYPES_H 1
#define HAVE_LIMITS_H 1
#define HAVE_MEMORY_H 1
#define HAVE_STDDEF_H 1
#define HAVE_STDINT_H 1
#define HAVE_STDLIB_H 1
#define HAVE_STRING_H 1
#define HAVE_STRINGS_H 1
#define HAVE_UNISTD_H 1
#define HAVE_LIBGEN_H 1
#define HAVE_GETOPT_H 1
#define HAVE_STRUCT_STAT_ST_RDEV 1
#define HAVE_GETOPT_LONG 1
#define HAVE_GETLINE 1
#define HAVE_STRTOF 1
#define HAVE_SNPRINTF 1
#define HAVE_VSNPRINTF 1
#define HAVE_STDLIB_H 1
#define SCANF_CAN_MALLOC 1

configure: exit 0
